h:\devprojects\git_projects\gtadotnet\scripthookv2\gtascripthook\debug\gtascripthook.pch
h:\devprojects\git_projects\gtadotnet\scripthookv2\gtascripthook\debug\vc142.pdb
h:\devprojects\git_projects\gtadotnet\scripthookv2\gtascripthook\debug\stdafx.obj
h:\devprojects\git_projects\gtadotnet\scripthookv2\gtascripthook\debug\varpointer.obj
h:\devprojects\git_projects\gtadotnet\scripthookv2\gtascripthook\debug\texthook.obj
h:\devprojects\git_projects\gtadotnet\scripthookv2\gtascripthook\debug\scriptprocessor.obj
h:\devprojects\git_projects\gtadotnet\scripthookv2\gtascripthook\debug\scriptloader.obj
h:\devprojects\git_projects\gtadotnet\scripthookv2\gtascripthook\debug\scriptdomain.obj
h:\devprojects\git_projects\gtadotnet\scripthookv2\gtascripthook\debug\script.obj
h:\devprojects\git_projects\gtadotnet\scripthookv2\gtascripthook\debug\renderwaresa.obj
h:\devprojects\git_projects\gtadotnet\scripthookv2\gtascripthook\debug\pool.obj
h:\devprojects\git_projects\gtadotnet\scripthookv2\gtascripthook\debug\opcodemap.obj
h:\devprojects\git_projects\gtadotnet\scripthookv2\gtascripthook\debug\main.obj
h:\devprojects\git_projects\gtadotnet\scripthookv2\gtascripthook\debug\log.obj
h:\devprojects\git_projects\gtadotnet\scripthookv2\gtascripthook\debug\legacycrap.obj
h:\devprojects\git_projects\gtadotnet\scripthookv2\gtascripthook\debug\internalcalls.obj
h:\devprojects\git_projects\gtadotnet\scripthookv2\gtascripthook\debug\hooking.obj
h:\devprojects\git_projects\gtadotnet\scripthookv2\gtascripthook\debug\gtautils.obj
h:\devprojects\git_projects\gtadotnet\scripthookv2\gtascripthook\debug\gameversion.obj
h:\devprojects\git_projects\gtadotnet\scripthookv2\gtascripthook\debug\cpadsa.obj
h:\devprojects\git_projects\gtadotnet\scripthookv2\gtascripthook\debug\cclientradarareamanager.obj
h:\devprojects\git_projects\gtadotnet\scripthookv2\gtascripthook\debug\cclientradararea.obj
h:\devprojects\git_projects\gtadotnet\scripthookv2\gtascripthook\debug\assemblyinfo.obj
h:\devprojects\git_projects\gtadotnet\scripthookv2\gtascripthook\debug\.netframework,version=v4.0.assemblyattributes.obj
h:\devprojects\git_projects\gtadotnet\scripthookv2\gtascripthook\debug\.netframework,version=v4.0.assemblyattributes.asm
h:\devprojects\git_projects\gtadotnet\scripthookv2\debug\generatebuildid.exe
h:\devprojects\git_projects\gtadotnet\scripthookv2\debug\generatebuildid.pdb
h:\devprojects\git_projects\gtadotnet\scripthookv2\debug\gtascripthook.dll
h:\devprojects\git_projects\gtadotnet\scripthookv2\debug\gtascripthook.pdb
h:\devprojects\git_projects\gtadotnet\scripthookv2\gtascripthook\debug\gtascripthook.tlog\metagen.write.1.tlog
h:\devprojects\git_projects\gtadotnet\scripthookv2\gtascripthook\debug\gtascripthook.vcxprojassemblyreference.cache
h:\devprojects\git_projects\gtadotnet\scripthookv2\gtascripthook\debug\gtascripthook.tlog\cl.command.1.tlog
h:\devprojects\git_projects\gtadotnet\scripthookv2\gtascripthook\debug\gtascripthook.tlog\cl.read.1.tlog
h:\devprojects\git_projects\gtadotnet\scripthookv2\gtascripthook\debug\gtascripthook.tlog\cl.write.1.tlog
h:\devprojects\git_projects\gtadotnet\scripthookv2\gtascripthook\debug\gtascripthook.tlog\gtascripthook.write.1u.tlog
h:\devprojects\git_projects\gtadotnet\scripthookv2\gtascripthook\debug\gtascripthook.tlog\link.command.1.tlog
h:\devprojects\git_projects\gtadotnet\scripthookv2\gtascripthook\debug\gtascripthook.tlog\link.read.1.tlog
h:\devprojects\git_projects\gtadotnet\scripthookv2\gtascripthook\debug\gtascripthook.tlog\link.write.1.tlog
h:\devprojects\git_projects\gtadotnet\scripthookv2\gtascripthook\debug\gtascripthook.tlog\metagen.read.1.tlog
h:\devprojects\git_projects\gtadotnet\scripthookv2\gtascripthook\debug\gtascripthook.tlog\generatebuildid.exe.metagen
